<?xml version="1.0" encoding="UTF-8"?>
<!-- Generated by org.testng.reporters.JUnitReportReporter -->
<testsuite hostname="Anjali" failures="0" tests="1" name="Testng.BrokenLinks" time="325.628" errors="0" timestamp="2023-11-08T17:22:30 IST" skipped="0">
  <testcase classname="Testng.BrokenLinks" name="main" time="325.628"/>
  <system-out/>
</testsuite> <!-- Testng.BrokenLinks -->
